# JRE version: Java(TM) SE Runtime Environment (8.0_77-b03) (build 1.8.0_77-b03)
# Java VM: Java HotSpot(TM) 64-Bit Server VM (25.77-b03 mixed mode linux-amd64 compressed oops)
Heap:
 PSYoungGen      total 138240K, used 17062K [0x00000000ebc00000, 0x00000000f5e00000, 0x0000000100000000)
  eden space 118784K, 0% used [0x00000000ebc00000,0x00000000ebc00000,0x00000000f3000000)
  from space 19456K, 87% used [0x00000000f3000000,0x00000000f40a9870,0x00000000f4300000)
  to   space 11264K, 0% used [0x00000000f4300000,0x00000000f4300000,0x00000000f4e00000)
 ParOldGen       total 42496K, used 26809K [0x00000000c3400000, 0x00000000c5d80000, 0x00000000ebc00000)
  object space 42496K, 63% used [0x00000000c3400000,0x00000000c4e2e660,0x00000000c5d80000)
 Metaspace       used 20993K, capacity 21148K, committed 21248K, reserved 1067008K
  class space    used 2724K, capacity 2801K, committed 2816K, reserved 1048576K
GC Heap History (10 events):
Event: 1.219 GC heap after
Heap after GC invocations=2 (full 0):
 PSYoungGen      total 34304K, used 2557K [0x00000000ebc00000, 0x00000000ee000000, 0x0000000100000000)
  eden space 31744K, 0% used [0x00000000ebc00000,0x00000000ebc00000,0x00000000edb00000)
  from space 2560K, 99% used [0x00000000edd80000,0x00000000edfff7f0,0x00000000ee000000)
  to   space 2560K, 0% used [0x00000000edb00000,0x00000000edb00000,0x00000000edd80000)
 ParOldGen       total 42496K, used 1546K [0x00000000c3400000, 0x00000000c5d80000, 0x00000000ebc00000)
  object space 42496K, 3% used [0x00000000c3400000,0x00000000c3582868,0x00000000c5d80000)
 Metaspace       used 5617K, capacity 6272K, committed 6400K, reserved 1056768K
  class space    used 670K, capacity 688K, committed 768K, reserved 1048576K
}
Event: 1.787 GC heap before
{Heap before GC invocations=3 (full 0):
 PSYoungGen      total 34304K, used 34301K [0x00000000ebc00000, 0x00000000ee000000, 0x0000000100000000)
  eden space 31744K, 100% used [0x00000000ebc00000,0x00000000edb00000,0x00000000edb00000)
  from space 2560K, 99% used [0x00000000edd80000,0x00000000edfff7f0,0x00000000ee000000)
  to   space 2560K, 0% used [0x00000000edb00000,0x00000000edb00000,0x00000000edd80000)
 ParOldGen       total 42496K, used 1546K [0x00000000c3400000, 0x00000000c5d80000, 0x00000000ebc00000)
  object space 42496K, 3% used [0x00000000c3400000,0x00000000c3582868,0x00000000c5d80000)
 Metaspace       used 10856K, capacity 10984K, committed 11136K, reserved 1058816K
  class space    used 1350K, capacity 1369K, committed 1408K, reserved 1048576K
Event: 1.810 GC heap after
Heap after GC invocations=3 (full 0):
 PSYoungGen      total 34304K, used 2558K [0x00000000ebc00000, 0x00000000eff00000, 0x0000000100000000)
  eden space 31744K, 0% used [0x00000000ebc00000,0x00000000ebc00000,0x00000000edb00000)
  from space 2560K, 99% used [0x00000000edb00000,0x00000000edd7f900,0x00000000edd80000)
  to   space 2560K, 0% used [0x00000000efc80000,0x00000000efc80000,0x00000000eff00000)
 ParOldGen       total 42496K, used 11691K [0x00000000c3400000, 0x00000000c5d80000, 0x00000000ebc00000)
  object space 42496K, 27% used [0x00000000c3400000,0x00000000c3f6ad18,0x00000000c5d80000)
 Metaspace       used 10856K, capacity 10984K, committed 11136K, reserved 1058816K
  class space    used 1350K, capacity 1369K, committed 1408K, reserved 1048576K
}
Event: 2.069 GC heap before
{Heap before GC invocations=4 (full 0):
 PSYoungGen      total 34304K, used 34276K [0x00000000ebc00000, 0x00000000eff00000, 0x0000000100000000)
  eden space 31744K, 99% used [0x00000000ebc00000,0x00000000edaf9840,0x00000000edb00000)
  from space 2560K, 99% used [0x00000000edb00000,0x00000000edd7f900,0x00000000edd80000)
  to   space 2560K, 0% used [0x00000000efc80000,0x00000000efc80000,0x00000000eff00000)
 ParOldGen       total 42496K, used 11691K [0x00000000c3400000, 0x00000000c5d80000, 0x00000000ebc00000)
  object space 42496K, 27% used [0x00000000c3400000,0x00000000c3f6ad18,0x00000000c5d80000)
 Metaspace       used 12424K, capacity 12532K, committed 12672K, reserved 1060864K
  class space    used 1554K, capacity 1563K, committed 1664K, reserved 1048576K
Event: 2.083 GC heap after
Heap after GC invocations=4 (full 0):
 PSYoungGen      total 66048K, used 2558K [0x00000000ebc00000, 0x00000000eff00000, 0x0000000100000000)
  eden space 63488K, 0% used [0x00000000ebc00000,0x00000000ebc00000,0x00000000efa00000)
  from space 2560K, 99% used [0x00000000efc80000,0x00000000efeff900,0x00000000eff00000)
  to   space 2560K, 0% used [0x00000000efa00000,0x00000000efa00000,0x00000000efc80000)
 ParOldGen       total 42496K, used 13529K [0x00000000c3400000, 0x00000000c5d80000, 0x00000000ebc00000)
  object space 42496K, 31% used [0x00000000c3400000,0x00000000c41364e0,0x00000000c5d80000)
 Metaspace       used 12424K, capacity 12532K, committed 12672K, reserved 1060864K
  class space    used 1554K, capacity 1563K, committed 1664K, reserved 1048576K
}
Event: 2.748 GC heap before
{Heap before GC invocations=5 (full 0):
 PSYoungGen      total 66048K, used 66046K [0x00000000ebc00000, 0x00000000eff00000, 0x0000000100000000)
  eden space 63488K, 100% used [0x00000000ebc00000,0x00000000efa00000,0x00000000efa00000)
  from space 2560K, 99% used [0x00000000efc80000,0x00000000efeff900,0x00000000eff00000)
  to   space 2560K, 0% used [0x00000000efa00000,0x00000000efa00000,0x00000000efc80000)
 ParOldGen       total 42496K, used 13529K [0x00000000c3400000, 0x00000000c5d80000, 0x00000000ebc00000)
  object space 42496K, 31% used [0x00000000c3400000,0x00000000c41364e0,0x00000000c5d80000)
 Metaspace       used 13872K, capacity 13940K, committed 14080K, reserved 1060864K
  class space    used 1724K, capacity 1755K, committed 1792K, reserved 1048576K
Event: 2.759 GC heap after
Heap after GC invocations=5 (full 0):
 PSYoungGen      total 66048K, used 2544K [0x00000000ebc00000, 0x00000000f4e00000, 0x0000000100000000)
  eden space 63488K, 0% used [0x00000000ebc00000,0x00000000ebc00000,0x00000000efa00000)
  from space 2560K, 99% used [0x00000000efa00000,0x00000000efc7c0b0,0x00000000efc80000)
  to   space 11264K, 0% used [0x00000000f4300000,0x00000000f4300000,0x00000000f4e00000)
 ParOldGen       total 42496K, used 15682K [0x00000000c3400000, 0x00000000c5d80000, 0x00000000ebc00000)
  object space 42496K, 36% used [0x00000000c3400000,0x00000000c4350bc8,0x00000000c5d80000)
 Metaspace       used 13872K, capacity 13940K, committed 14080K, reserved 1060864K
  class space    used 1724K, capacity 1755K, committed 1792K, reserved 1048576K
}
Event: 3.312 GC heap before
{Heap before GC invocations=6 (full 0):
 PSYoungGen      total 66048K, used 66032K [0x00000000ebc00000, 0x00000000f4e00000, 0x0000000100000000)
  eden space 63488K, 100% used [0x00000000ebc00000,0x00000000efa00000,0x00000000efa00000)
  from space 2560K, 99% used [0x00000000efa00000,0x00000000efc7c0b0,0x00000000efc80000)
  to   space 11264K, 0% used [0x00000000f4300000,0x00000000f4300000,0x00000000f4e00000)
 ParOldGen       total 42496K, used 15682K [0x00000000c3400000, 0x00000000c5d80000, 0x00000000ebc00000)
  object space 42496K, 36% used [0x00000000c3400000,0x00000000c4350bc8,0x00000000c5d80000)
 Metaspace       used 16093K, capacity 16248K, committed 16512K, reserved 1062912K
  class space    used 2040K, capacity 2091K, committed 2176K, reserved 1048576K
Event: 3.376 GC heap after
Heap after GC invocations=6 (full 0):
 PSYoungGen      total 130048K, used 11248K [0x00000000ebc00000, 0x00000000f5e00000, 0x0000000100000000)
  eden space 118784K, 0% used [0x00000000ebc00000,0x00000000ebc00000,0x00000000f3000000)
  from space 11264K, 99% used [0x00000000f4300000,0x00000000f4dfc2d0,0x00000000f4e00000)
  to   space 19456K, 0% used [0x00000000f3000000,0x00000000f3000000,0x00000000f4300000)
 ParOldGen       total 42496K, used 25999K [0x00000000c3400000, 0x00000000c5d80000, 0x00000000ebc00000)
  object space 42496K, 61% used [0x00000000c3400000,0x00000000c4d63cb0,0x00000000c5d80000)
 Metaspace       used 16093K, capacity 16248K, committed 16512K, reserved 1062912K
  class space    used 2040K, capacity 2091K, committed 2176K, reserved 1048576K
}
Event: 4.472 GC heap before
{Heap before GC invocations=7 (full 0):
 PSYoungGen      total 130048K, used 110179K [0x00000000ebc00000, 0x00000000f5e00000, 0x0000000100000000)
  eden space 118784K, 83% used [0x00000000ebc00000,0x00000000f1c9cbc8,0x00000000f3000000)
  from space 11264K, 99% used [0x00000000f4300000,0x00000000f4dfc2d0,0x00000000f4e00000)
  to   space 19456K, 0% used [0x00000000f3000000,0x00000000f3000000,0x00000000f4300000)
 ParOldGen       total 42496K, used 25999K [0x00000000c3400000, 0x00000000c5d80000, 0x00000000ebc00000)
  object space 42496K, 61% used [0x00000000c3400000,0x00000000c4d63cb0,0x00000000c5d80000)
 Metaspace       used 20993K, capacity 21148K, committed 21248K, reserved 1067008K
  class space    used 2724K, capacity 2801K, committed 2816K, reserved 1048576K

