# JRE version: Java(TM) SE Runtime Environment (8.0_77-b03) (build 1.8.0_77-b03)
# Java VM: Java HotSpot(TM) 64-Bit Server VM (25.77-b03 mixed mode linux-amd64 compressed oops)
Heap:
 PSYoungGen      total 273408K, used 10666K [0x00000000ebc00000, 0x00000000fdc80000, 0x0000000100000000)
  eden space 254976K, 0% used [0x00000000ebc00000,0x00000000ebc00000,0x00000000fb500000)
  from space 18432K, 57% used [0x00000000fb880000,0x00000000fc2eab88,0x00000000fca80000)
  to   space 8704K, 0% used [0x00000000fd400000,0x00000000fd400000,0x00000000fdc80000)
 ParOldGen       total 86016K, used 40967K [0x00000000c3400000, 0x00000000c8800000, 0x00000000ebc00000)
  object space 86016K, 47% used [0x00000000c3400000,0x00000000c5c01d50,0x00000000c8800000)
 Metaspace       used 51648K, capacity 52029K, committed 52608K, reserved 1095680K
  class space    used 7074K, capacity 7193K, committed 7296K, reserved 1048576K
Heap after GC invocations=12 (full 1):
 PSYoungGen      total 201728K, used 5946K [0x00000000ebc00000, 0x00000000fb400000, 0x0000000100000000)
  eden space 180224K, 0% used [0x00000000ebc00000,0x00000000ebc00000,0x00000000f6c00000)
  from space 21504K, 27% used [0x00000000f6c00000,0x00000000f71ce848,0x00000000f8100000)
  to   space 20992K, 0% used [0x00000000f9f80000,0x00000000f9f80000,0x00000000fb400000)
 ParOldGen       total 66560K, used 36797K [0x00000000c3400000, 0x00000000c7500000, 0x00000000ebc00000)
  object space 66560K, 55% used [0x00000000c3400000,0x00000000c57ef5a8,0x00000000c7500000)
 Metaspace       used 28979K, capacity 29275K, committed 29696K, reserved 1075200K
  class space    used 3928K, capacity 4032K, committed 4096K, reserved 1048576K
Heap after GC invocations=13 (full 1):
 PSYoungGen      total 233984K, used 5142K [0x00000000ebc00000, 0x00000000fc480000, 0x0000000100000000)
  eden space 212992K, 0% used [0x00000000ebc00000,0x00000000ebc00000,0x00000000f8c00000)
  from space 20992K, 24% used [0x00000000f9f80000,0x00000000fa485a40,0x00000000fb400000)
  to   space 19968K, 0% used [0x00000000f8c00000,0x00000000f8c00000,0x00000000f9f80000)
 ParOldGen       total 66560K, used 39811K [0x00000000c3400000, 0x00000000c7500000, 0x00000000ebc00000)
  object space 66560K, 59% used [0x00000000c3400000,0x00000000c5ae0f08,0x00000000c7500000)
 Metaspace       used 31864K, capacity 32127K, committed 32640K, reserved 1077248K
  class space    used 4331K, capacity 4422K, committed 4480K, reserved 1048576K
Heap after GC invocations=14 (full 1):
 PSYoungGen      total 232960K, used 6620K [0x00000000ebc00000, 0x00000000fe700000, 0x0000000100000000)
  eden space 212992K, 0% used [0x00000000ebc00000,0x00000000ebc00000,0x00000000f8c00000)
  from space 19968K, 33% used [0x00000000f8c00000,0x00000000f92772b8,0x00000000f9f80000)
  to   space 19456K, 0% used [0x00000000fd400000,0x00000000fd400000,0x00000000fe700000)
 ParOldGen       total 66560K, used 39819K [0x00000000c3400000, 0x00000000c7500000, 0x00000000ebc00000)
  object space 66560K, 59% used [0x00000000c3400000,0x00000000c5ae2f08,0x00000000c7500000)
 Metaspace       used 34889K, capacity 35127K, committed 35416K, reserved 1079296K
  class space    used 4751K, capacity 4842K, committed 4864K, reserved 1048576K
Heap after GC invocations=15 (full 2):
 PSYoungGen      total 232960K, used 0K [0x00000000ebc00000, 0x00000000fe700000, 0x0000000100000000)
  eden space 212992K, 0% used [0x00000000ebc00000,0x00000000ebc00000,0x00000000f8c00000)
  from space 19968K, 0% used [0x00000000f8c00000,0x00000000f8c00000,0x00000000f9f80000)
  to   space 19456K, 0% used [0x00000000fd400000,0x00000000fd400000,0x00000000fe700000)
 ParOldGen       total 86016K, used 40951K [0x00000000c3400000, 0x00000000c8800000, 0x00000000ebc00000)
  object space 86016K, 47% used [0x00000000c3400000,0x00000000c5bfdd50,0x00000000c8800000)
 Metaspace       used 34889K, capacity 35127K, committed 35416K, reserved 1079296K
  class space    used 4751K, capacity 4842K, committed 4864K, reserved 1048576K
